
> auth-bro@1.0.0 build
> tsup

CLI Building entry: src/index.ts
CLI Using tsconfig: tsconfig.json
CLI tsup v8.5.1
CLI Using tsup config: /home/rupesh/hobby/auth-nepal/packages/authkit/tsup.config.ts
CLI Target: es2022
CLI Cleaning output folder
CJS Build start
ESM Build start
CJS You have emitDecoratorMetadata enabled but @swc/core was not installed, skipping swc plugin
ESM You have emitDecoratorMetadata enabled but @swc/core was not installed, skipping swc plugin
ESM dist/index.mjs     41.24 KB
ESM dist/index.mjs.map 73.10 KB
ESM ⚡️ Build success in 26ms
CJS dist/index.js     43.35 KB
CJS dist/index.js.map 73.34 KB
CJS ⚡️ Build success in 26ms
DTS Build start
DTS ⚡️ Build success in 2069ms
DTS dist/index.d.ts  5.84 KB
DTS dist/index.d.mts 5.84 KB
